2024-09-25 15:26:00.873 [main] INFO  org.testng.internal.Utils - [TestNG] Running:
  /Users/justinharrison/Library/Caches/JetBrains/IdeaIC2024.1/temp-testng-customsuite.xml

2024-09-25 15:26:01.133 [main] INFO  cofig.ConfigurationManager - Configuration properties loaded successfully.
2024-09-25 15:26:01.134 [main] INFO  stepDefinitions.Hooks - Scenario is starting...
2024-09-25 15:26:01.134 [main] INFO  factory.DriverFactory - Starting WebDriver for browser: chrome in headless mode: true
2024-09-25 15:26:08.911 [main] INFO  factory.DriverFactory - Chrome WebDriver initialized successfully in headless mode: true
2024-09-25 15:26:08.972 [main] INFO  factory.DriverFactory - Browser window maximized.
2024-09-25 15:26:08.972 [main] INFO  stepDefinitions.Hooks - WebDriver initialized for scenario scope.
2024-09-25 15:26:09.650 [main] INFO  pages.LoginPage - Checking visibility of element 'login logo' on the Login page.
2024-09-25 15:26:09.676 [main] INFO  pages.LoginPage - Element 'login logo' is displayed on the Login page: true
2024-09-25 15:26:09.678 [main] INFO  pages.LoginPage - Checking visibility of element 'accepted usernames section' on the Login page.
2024-09-25 15:26:09.693 [main] INFO  pages.LoginPage - Element 'accepted usernames section' is displayed on the Login page: true
2024-09-25 15:26:09.694 [main] INFO  pages.LoginPage - Checking visibility of element 'accepted passwords section' on the Login page.
2024-09-25 15:26:09.707 [main] INFO  pages.LoginPage - Element 'accepted passwords section' is displayed on the Login page: true
2024-09-25 15:26:09.708 [main] INFO  pages.LoginPage - Checking visibility of element 'username field' on the Login page.
2024-09-25 15:26:09.722 [main] INFO  pages.LoginPage - Element 'username field' is displayed on the Login page: true
2024-09-25 15:26:09.722 [main] INFO  pages.LoginPage - Checking visibility of element 'password field' on the Login page.
2024-09-25 15:26:09.737 [main] INFO  pages.LoginPage - Element 'password field' is displayed on the Login page: true
2024-09-25 15:26:09.738 [main] INFO  pages.LoginPage - Checking visibility of element 'login button' on the Login page.
2024-09-25 15:26:09.760 [main] INFO  pages.LoginPage - Element 'login button' is displayed on the Login page: true
2024-09-25 15:26:09.760 [main] INFO  stepDefinitions.Hooks - Scenario is ending...
2024-09-25 15:26:09.850 [main] INFO  factory.DriverFactory - WebDriver quit successfully.
2024-09-25 15:26:09.850 [main] INFO  stepDefinitions.Hooks - WebDriver quit for scenario scope and set to null.
2024-09-25 15:26:09.856 [main] INFO  stepDefinitions.Hooks - Scenario is starting...
2024-09-25 15:26:09.856 [main] INFO  factory.DriverFactory - Starting WebDriver for browser: chrome in headless mode: true
2024-09-25 15:26:10.480 [main] INFO  factory.DriverFactory - Chrome WebDriver initialized successfully in headless mode: true
2024-09-25 15:26:10.505 [main] INFO  factory.DriverFactory - Browser window maximized.
2024-09-25 15:26:10.507 [main] INFO  stepDefinitions.Hooks - WebDriver initialized for scenario scope.
2024-09-25 15:26:10.831 [main] INFO  pages.LoginPage - Attempting to enter username 'standard_user' on Login page.
2024-09-25 15:26:10.931 [main] INFO  pages.LoginPage - Successfully entered username 'standard_user' on Login page.
2024-09-25 15:26:10.931 [main] INFO  pages.LoginPage - Attempting to enter password on the Login page.
2024-09-25 15:26:10.972 [main] INFO  pages.LoginPage - Successfully entered password on the Login page.
2024-09-25 15:26:10.973 [main] INFO  pages.LoginPage - Attempting to click the login button on the Login page.
2024-09-25 15:26:11.032 [main] INFO  pages.LoginPage - Successfully clicked the login button on the Login page.
2024-09-25 15:26:11.039 [main] INFO  pages.HomePage - Checking visibility of element 'products header' on the Home page.
2024-09-25 15:26:11.058 [main] INFO  pages.HomePage - Element 'products header' is displayed on the Home page: true
2024-09-25 15:26:11.058 [main] INFO  stepDefinitions.Hooks - Scenario is ending...
2024-09-25 15:26:11.150 [main] INFO  factory.DriverFactory - WebDriver quit successfully.
2024-09-25 15:26:11.150 [main] INFO  stepDefinitions.Hooks - WebDriver quit for scenario scope and set to null.
2024-09-25 15:26:11.154 [main] INFO  stepDefinitions.Hooks - Scenario is starting...
2024-09-25 15:26:11.154 [main] INFO  factory.DriverFactory - Starting WebDriver for browser: chrome in headless mode: true
2024-09-25 15:26:11.753 [main] INFO  factory.DriverFactory - Chrome WebDriver initialized successfully in headless mode: true
2024-09-25 15:26:11.782 [main] INFO  factory.DriverFactory - Browser window maximized.
2024-09-25 15:26:11.782 [main] INFO  stepDefinitions.Hooks - WebDriver initialized for scenario scope.
2024-09-25 15:26:12.170 [main] INFO  pages.LoginPage - Attempting to enter username 'locked_out_user' on Login page.
2024-09-25 15:26:12.275 [main] INFO  pages.LoginPage - Successfully entered username 'locked_out_user' on Login page.
2024-09-25 15:26:12.275 [main] INFO  pages.LoginPage - Attempting to enter password on the Login page.
2024-09-25 15:26:12.313 [main] INFO  pages.LoginPage - Successfully entered password on the Login page.
2024-09-25 15:26:12.313 [main] INFO  pages.LoginPage - Attempting to click the login button on the Login page.
2024-09-25 15:26:12.359 [main] INFO  pages.LoginPage - Successfully clicked the login button on the Login page.
2024-09-25 15:26:12.359 [main] INFO  pages.LoginPage - Checking visibility of element 'login error container' on the Login page.
2024-09-25 15:26:12.376 [main] INFO  pages.LoginPage - Element 'login error container' is displayed on the Login page: true
2024-09-25 15:26:12.377 [main] INFO  pages.LoginPage - Checking visibility of element 'login error' on the Login page.
2024-09-25 15:26:12.393 [main] INFO  pages.LoginPage - Element 'login error' is displayed on the Login page: true
2024-09-25 15:26:12.394 [main] INFO  pages.LoginPage - Checking visibility of element 'login error close button' on the Login page.
2024-09-25 15:26:12.411 [main] INFO  pages.LoginPage - Element 'login error close button' is displayed on the Login page: true
2024-09-25 15:26:12.411 [main] INFO  pages.LoginPage - Checking visibility of element 'locked out error message' on the Login page.
2024-09-25 15:26:12.429 [main] INFO  pages.LoginPage - Element 'locked out error message' is displayed on the Login page: true
2024-09-25 15:26:12.429 [main] INFO  stepDefinitions.Hooks - Scenario is ending...
2024-09-25 15:26:12.523 [main] INFO  factory.DriverFactory - WebDriver quit successfully.
2024-09-25 15:26:12.524 [main] INFO  stepDefinitions.Hooks - WebDriver quit for scenario scope and set to null.
2024-09-25 15:27:39.938 [main] INFO  org.testng.internal.Utils - [TestNG] Running:
  /Users/justinharrison/Library/Caches/JetBrains/IdeaIC2024.1/temp-testng-customsuite.xml

2024-09-25 15:27:40.193 [main] INFO  cofig.ConfigurationManager - Configuration properties loaded successfully.
2024-09-25 15:27:40.193 [main] INFO  stepDefinitions.Hooks - Scenario is starting...
2024-09-25 15:27:40.194 [main] INFO  factory.DriverFactory - Starting WebDriver for browser: chrome in headless mode: true
2024-09-25 15:27:47.222 [main] INFO  factory.DriverFactory - Chrome WebDriver initialized successfully in headless mode: true
2024-09-25 15:27:47.242 [main] INFO  factory.DriverFactory - Browser window maximized.
2024-09-25 15:27:47.243 [main] INFO  stepDefinitions.Hooks - WebDriver initialized for scenario scope.
2024-09-25 15:27:47.951 [main] INFO  pages.LoginPage - Checking visibility of element 'login logo' on the Login page.
2024-09-25 15:27:48.080 [main] INFO  pages.LoginPage - Element 'login logo' is displayed on the Login page: true
2024-09-25 15:27:48.081 [main] INFO  pages.LoginPage - Checking visibility of element 'accepted usernames section' on the Login page.
2024-09-25 15:27:48.109 [main] INFO  pages.LoginPage - Element 'accepted usernames section' is displayed on the Login page: true
2024-09-25 15:27:48.111 [main] INFO  pages.LoginPage - Checking visibility of element 'accepted passwords section' on the Login page.
2024-09-25 15:27:48.148 [main] INFO  pages.LoginPage - Element 'accepted passwords section' is displayed on the Login page: true
2024-09-25 15:27:48.149 [main] INFO  pages.LoginPage - Checking visibility of element 'username field' on the Login page.
2024-09-25 15:27:48.196 [main] INFO  pages.LoginPage - Element 'username field' is displayed on the Login page: true
2024-09-25 15:27:48.197 [main] INFO  pages.LoginPage - Checking visibility of element 'password field' on the Login page.
2024-09-25 15:27:48.221 [main] INFO  pages.LoginPage - Element 'password field' is displayed on the Login page: true
2024-09-25 15:27:48.221 [main] INFO  pages.LoginPage - Checking visibility of element 'login button' on the Login page.
2024-09-25 15:27:48.258 [main] INFO  pages.LoginPage - Element 'login button' is displayed on the Login page: true
2024-09-25 15:27:48.259 [main] INFO  stepDefinitions.Hooks - Scenario is ending...
2024-09-25 15:27:48.361 [main] INFO  factory.DriverFactory - WebDriver quit successfully.
2024-09-25 15:27:48.361 [main] INFO  stepDefinitions.Hooks - WebDriver quit for scenario scope and set to null.
2024-09-25 15:27:48.367 [main] INFO  stepDefinitions.Hooks - Scenario is starting...
2024-09-25 15:27:48.368 [main] INFO  factory.DriverFactory - Starting WebDriver for browser: chrome in headless mode: true
2024-09-25 15:27:50.521 [main] INFO  factory.DriverFactory - Chrome WebDriver initialized successfully in headless mode: true
2024-09-25 15:27:50.554 [main] INFO  factory.DriverFactory - Browser window maximized.
2024-09-25 15:27:50.556 [main] INFO  stepDefinitions.Hooks - WebDriver initialized for scenario scope.
2024-09-25 15:27:50.909 [main] INFO  pages.LoginPage - Attempting to enter username 'standard_user' on Login page.
2024-09-25 15:27:51.018 [main] INFO  pages.LoginPage - Successfully entered username 'standard_user' on Login page.
2024-09-25 15:27:51.018 [main] INFO  pages.LoginPage - Attempting to enter password on the Login page.
2024-09-25 15:27:51.061 [main] INFO  pages.LoginPage - Successfully entered password on the Login page.
2024-09-25 15:27:51.062 [main] INFO  pages.LoginPage - Attempting to click the login button on the Login page.
2024-09-25 15:27:51.136 [main] INFO  pages.LoginPage - Successfully clicked the login button on the Login page.
2024-09-25 15:27:51.146 [main] INFO  pages.HomePage - Checking visibility of element 'products header' on the Home page.
2024-09-25 15:27:51.168 [main] INFO  pages.HomePage - Element 'products header' is displayed on the Home page: true
2024-09-25 15:27:51.169 [main] INFO  stepDefinitions.Hooks - Scenario is ending...
2024-09-25 15:27:51.264 [main] INFO  factory.DriverFactory - WebDriver quit successfully.
2024-09-25 15:27:51.265 [main] INFO  stepDefinitions.Hooks - WebDriver quit for scenario scope and set to null.
2024-09-25 15:27:51.268 [main] INFO  stepDefinitions.Hooks - Scenario is starting...
2024-09-25 15:27:51.269 [main] INFO  factory.DriverFactory - Starting WebDriver for browser: chrome in headless mode: true
2024-09-25 15:27:53.257 [main] INFO  factory.DriverFactory - Chrome WebDriver initialized successfully in headless mode: true
2024-09-25 15:27:53.279 [main] INFO  factory.DriverFactory - Browser window maximized.
2024-09-25 15:27:53.280 [main] INFO  stepDefinitions.Hooks - WebDriver initialized for scenario scope.
2024-09-25 15:27:53.639 [main] INFO  pages.LoginPage - Attempting to enter username 'locked_out_user' on Login page.
2024-09-25 15:27:53.733 [main] INFO  pages.LoginPage - Successfully entered username 'locked_out_user' on Login page.
2024-09-25 15:27:53.733 [main] INFO  pages.LoginPage - Attempting to enter password on the Login page.
2024-09-25 15:27:53.774 [main] INFO  pages.LoginPage - Successfully entered password on the Login page.
2024-09-25 15:27:53.774 [main] INFO  pages.LoginPage - Attempting to click the login button on the Login page.
2024-09-25 15:27:53.815 [main] INFO  pages.LoginPage - Successfully clicked the login button on the Login page.
2024-09-25 15:27:53.815 [main] INFO  pages.LoginPage - Checking visibility of element 'login error container' on the Login page.
2024-09-25 15:27:53.829 [main] INFO  pages.LoginPage - Element 'login error container' is displayed on the Login page: true
2024-09-25 15:27:53.830 [main] INFO  pages.LoginPage - Checking visibility of element 'login error' on the Login page.
2024-09-25 15:27:53.842 [main] INFO  pages.LoginPage - Element 'login error' is displayed on the Login page: true
2024-09-25 15:27:53.843 [main] INFO  pages.LoginPage - Checking visibility of element 'login error close button' on the Login page.
2024-09-25 15:27:53.860 [main] INFO  pages.LoginPage - Element 'login error close button' is displayed on the Login page: true
2024-09-25 15:27:53.861 [main] INFO  pages.LoginPage - Checking visibility of element 'locked out error message' on the Login page.
2024-09-25 15:27:53.878 [main] INFO  pages.LoginPage - Element 'locked out error message' is displayed on the Login page: true
2024-09-25 15:27:53.878 [main] INFO  stepDefinitions.Hooks - Scenario is ending...
2024-09-25 15:27:53.971 [main] INFO  factory.DriverFactory - WebDriver quit successfully.
2024-09-25 15:27:53.971 [main] INFO  stepDefinitions.Hooks - WebDriver quit for scenario scope and set to null.
2024-09-25 15:28:01.601 [main] INFO  org.testng.internal.Utils - [TestNG] Running:
  /Users/justinharrison/Library/Caches/JetBrains/IdeaIC2024.1/temp-testng-customsuite.xml

2024-09-25 15:28:01.851 [main] INFO  cofig.ConfigurationManager - Configuration properties loaded successfully.
2024-09-25 15:28:01.852 [main] INFO  stepDefinitions.Hooks - Scenario is starting...
2024-09-25 15:28:01.852 [main] INFO  factory.DriverFactory - Starting WebDriver for browser: chrome in headless mode: true
2024-09-25 15:28:05.763 [main] INFO  factory.DriverFactory - Chrome WebDriver initialized successfully in headless mode: true
2024-09-25 15:28:05.788 [main] INFO  factory.DriverFactory - Browser window maximized.
2024-09-25 15:28:05.789 [main] INFO  stepDefinitions.Hooks - WebDriver initialized for scenario scope.
2024-09-25 15:28:06.126 [main] INFO  pages.LoginPage - Checking visibility of element 'login logo' on the Login page.
2024-09-25 15:28:06.152 [main] INFO  pages.LoginPage - Element 'login logo' is displayed on the Login page: true
2024-09-25 15:28:06.156 [main] INFO  pages.LoginPage - Checking visibility of element 'accepted usernames section' on the Login page.
2024-09-25 15:28:06.171 [main] INFO  pages.LoginPage - Element 'accepted usernames section' is displayed on the Login page: true
2024-09-25 15:28:06.171 [main] INFO  pages.LoginPage - Checking visibility of element 'accepted passwords section' on the Login page.
2024-09-25 15:28:06.187 [main] INFO  pages.LoginPage - Element 'accepted passwords section' is displayed on the Login page: true
2024-09-25 15:28:06.187 [main] INFO  pages.LoginPage - Checking visibility of element 'username field' on the Login page.
2024-09-25 15:28:06.203 [main] INFO  pages.LoginPage - Element 'username field' is displayed on the Login page: true
2024-09-25 15:28:06.203 [main] INFO  pages.LoginPage - Checking visibility of element 'password field' on the Login page.
2024-09-25 15:28:06.218 [main] INFO  pages.LoginPage - Element 'password field' is displayed on the Login page: true
2024-09-25 15:28:06.218 [main] INFO  pages.LoginPage - Checking visibility of element 'login button' on the Login page.
2024-09-25 15:28:06.232 [main] INFO  pages.LoginPage - Element 'login button' is displayed on the Login page: true
2024-09-25 15:28:06.233 [main] INFO  stepDefinitions.Hooks - Scenario is ending...
2024-09-25 15:28:06.329 [main] INFO  factory.DriverFactory - WebDriver quit successfully.
2024-09-25 15:28:06.329 [main] INFO  stepDefinitions.Hooks - WebDriver quit for scenario scope and set to null.
2024-09-25 15:28:06.335 [main] INFO  stepDefinitions.Hooks - Scenario is starting...
2024-09-25 15:28:06.335 [main] INFO  factory.DriverFactory - Starting WebDriver for browser: chrome in headless mode: true
2024-09-25 15:28:06.900 [main] INFO  factory.DriverFactory - Chrome WebDriver initialized successfully in headless mode: true
2024-09-25 15:28:06.923 [main] INFO  factory.DriverFactory - Browser window maximized.
2024-09-25 15:28:06.924 [main] INFO  stepDefinitions.Hooks - WebDriver initialized for scenario scope.
2024-09-25 15:28:07.270 [main] INFO  pages.LoginPage - Attempting to enter username 'standard_user' on Login page.
2024-09-25 15:28:07.375 [main] INFO  pages.LoginPage - Successfully entered username 'standard_user' on Login page.
2024-09-25 15:28:07.376 [main] INFO  pages.LoginPage - Attempting to enter password on the Login page.
2024-09-25 15:28:07.415 [main] INFO  pages.LoginPage - Successfully entered password on the Login page.
2024-09-25 15:28:07.416 [main] INFO  pages.LoginPage - Attempting to click the login button on the Login page.
2024-09-25 15:28:07.464 [main] INFO  pages.LoginPage - Successfully clicked the login button on the Login page.
2024-09-25 15:28:07.470 [main] INFO  pages.HomePage - Checking visibility of element 'products header' on the Home page.
2024-09-25 15:28:07.491 [main] INFO  pages.HomePage - Element 'products header' is displayed on the Home page: true
2024-09-25 15:28:07.491 [main] INFO  stepDefinitions.Hooks - Scenario is ending...
2024-09-25 15:28:07.584 [main] INFO  factory.DriverFactory - WebDriver quit successfully.
2024-09-25 15:28:07.584 [main] INFO  stepDefinitions.Hooks - WebDriver quit for scenario scope and set to null.
2024-09-25 15:28:07.587 [main] INFO  stepDefinitions.Hooks - Scenario is starting...
2024-09-25 15:28:07.588 [main] INFO  factory.DriverFactory - Starting WebDriver for browser: chrome in headless mode: true
2024-09-25 15:28:08.179 [main] INFO  factory.DriverFactory - Chrome WebDriver initialized successfully in headless mode: true
2024-09-25 15:28:08.201 [main] INFO  factory.DriverFactory - Browser window maximized.
2024-09-25 15:28:08.204 [main] INFO  stepDefinitions.Hooks - WebDriver initialized for scenario scope.
2024-09-25 15:28:08.450 [main] INFO  pages.LoginPage - Attempting to enter username 'locked_out_user' on Login page.
2024-09-25 15:28:08.548 [main] INFO  pages.LoginPage - Successfully entered username 'locked_out_user' on Login page.
2024-09-25 15:28:08.548 [main] INFO  pages.LoginPage - Attempting to enter password on the Login page.
2024-09-25 15:28:08.587 [main] INFO  pages.LoginPage - Successfully entered password on the Login page.
2024-09-25 15:28:08.588 [main] INFO  pages.LoginPage - Attempting to click the login button on the Login page.
2024-09-25 15:28:08.627 [main] INFO  pages.LoginPage - Successfully clicked the login button on the Login page.
2024-09-25 15:28:08.628 [main] INFO  pages.LoginPage - Checking visibility of element 'login error container' on the Login page.
2024-09-25 15:28:08.642 [main] INFO  pages.LoginPage - Element 'login error container' is displayed on the Login page: true
2024-09-25 15:28:08.643 [main] INFO  pages.LoginPage - Checking visibility of element 'login error' on the Login page.
2024-09-25 15:28:08.659 [main] INFO  pages.LoginPage - Element 'login error' is displayed on the Login page: true
2024-09-25 15:28:08.659 [main] INFO  pages.LoginPage - Checking visibility of element 'login error close button' on the Login page.
2024-09-25 15:28:08.675 [main] INFO  pages.LoginPage - Element 'login error close button' is displayed on the Login page: true
2024-09-25 15:28:08.675 [main] INFO  pages.LoginPage - Checking visibility of element 'locked out error message' on the Login page.
2024-09-25 15:28:08.691 [main] INFO  pages.LoginPage - Element 'locked out error message' is displayed on the Login page: true
2024-09-25 15:28:08.691 [main] INFO  stepDefinitions.Hooks - Scenario is ending...
2024-09-25 15:28:08.782 [main] INFO  factory.DriverFactory - WebDriver quit successfully.
2024-09-25 15:28:08.782 [main] INFO  stepDefinitions.Hooks - WebDriver quit for scenario scope and set to null.
2024-09-25 15:31:02.406 [main] INFO  org.testng.internal.Utils - [TestNG] Running:
  /Users/justinharrison/Library/Caches/JetBrains/IdeaIC2024.1/temp-testng-customsuite.xml

2024-09-25 15:31:02.665 [main] INFO  cofig.ConfigurationManager - Configuration properties loaded successfully.
2024-09-25 15:31:02.665 [main] INFO  stepDefinitions.Hooks - Scenario is starting...
2024-09-25 15:31:02.665 [main] INFO  factory.DriverFactory - Starting WebDriver for browser: chrome in headless mode: true
2024-09-25 15:31:04.145 [main] INFO  factory.DriverFactory - Chrome WebDriver initialized successfully in headless mode: true
2024-09-25 15:31:04.168 [main] INFO  factory.DriverFactory - Browser window maximized.
2024-09-25 15:31:04.172 [main] INFO  stepDefinitions.Hooks - WebDriver initialized for scenario scope.
2024-09-25 15:31:04.563 [main] INFO  pages.LoginPage - Checking visibility of element 'login logo' on the Login page.
2024-09-25 15:31:04.592 [main] INFO  pages.LoginPage - Element 'login logo' is displayed on the Login page: true
2024-09-25 15:31:04.595 [main] INFO  pages.LoginPage - Checking visibility of element 'accepted usernames section' on the Login page.
2024-09-25 15:31:04.615 [main] INFO  pages.LoginPage - Element 'accepted usernames section' is displayed on the Login page: true
2024-09-25 15:31:04.615 [main] INFO  pages.LoginPage - Checking visibility of element 'accepted passwords section' on the Login page.
2024-09-25 15:31:04.630 [main] INFO  pages.LoginPage - Element 'accepted passwords section' is displayed on the Login page: true
2024-09-25 15:31:04.631 [main] INFO  pages.LoginPage - Checking visibility of element 'username field' on the Login page.
2024-09-25 15:31:04.645 [main] INFO  pages.LoginPage - Element 'username field' is displayed on the Login page: true
2024-09-25 15:31:04.645 [main] INFO  pages.LoginPage - Checking visibility of element 'password field' on the Login page.
2024-09-25 15:31:04.661 [main] INFO  pages.LoginPage - Element 'password field' is displayed on the Login page: true
2024-09-25 15:31:04.661 [main] INFO  pages.LoginPage - Checking visibility of element 'login button' on the Login page.
2024-09-25 15:31:04.675 [main] INFO  pages.LoginPage - Element 'login button' is displayed on the Login page: true
2024-09-25 15:31:04.675 [main] INFO  stepDefinitions.Hooks - Scenario is ending...
2024-09-25 15:31:04.769 [main] INFO  factory.DriverFactory - WebDriver quit successfully.
2024-09-25 15:31:04.769 [main] INFO  stepDefinitions.Hooks - WebDriver quit for scenario scope and set to null.
2024-09-25 15:31:04.776 [main] INFO  stepDefinitions.Hooks - Scenario is starting...
2024-09-25 15:31:04.776 [main] INFO  factory.DriverFactory - Starting WebDriver for browser: chrome in headless mode: true
2024-09-25 15:31:05.357 [main] INFO  factory.DriverFactory - Chrome WebDriver initialized successfully in headless mode: true
2024-09-25 15:31:05.390 [main] INFO  factory.DriverFactory - Browser window maximized.
2024-09-25 15:31:05.391 [main] INFO  stepDefinitions.Hooks - WebDriver initialized for scenario scope.
2024-09-25 15:31:05.625 [main] INFO  pages.LoginPage - Attempting to enter username 'standard_user' on Login page.
2024-09-25 15:31:05.749 [main] INFO  pages.LoginPage - Successfully entered username 'standard_user' on Login page.
2024-09-25 15:31:05.749 [main] INFO  pages.LoginPage - Attempting to enter password on the Login page.
2024-09-25 15:31:05.788 [main] INFO  pages.LoginPage - Successfully entered password on the Login page.
2024-09-25 15:31:05.788 [main] INFO  pages.LoginPage - Attempting to click the login button on the Login page.
2024-09-25 15:31:05.845 [main] INFO  pages.LoginPage - Successfully clicked the login button on the Login page.
2024-09-25 15:31:05.849 [main] INFO  pages.HomePage - Checking visibility of element 'products header' on the Home page.
2024-09-25 15:31:05.869 [main] INFO  pages.HomePage - Element 'products header' is displayed on the Home page: true
2024-09-25 15:31:05.869 [main] INFO  stepDefinitions.Hooks - Scenario is ending...
2024-09-25 15:31:05.959 [main] INFO  factory.DriverFactory - WebDriver quit successfully.
2024-09-25 15:31:05.959 [main] INFO  stepDefinitions.Hooks - WebDriver quit for scenario scope and set to null.
2024-09-25 15:31:05.962 [main] INFO  stepDefinitions.Hooks - Scenario is starting...
2024-09-25 15:31:05.962 [main] INFO  factory.DriverFactory - Starting WebDriver for browser: chrome in headless mode: true
2024-09-25 15:31:06.548 [main] INFO  factory.DriverFactory - Chrome WebDriver initialized successfully in headless mode: true
2024-09-25 15:31:06.574 [main] INFO  factory.DriverFactory - Browser window maximized.
2024-09-25 15:31:06.575 [main] INFO  stepDefinitions.Hooks - WebDriver initialized for scenario scope.
2024-09-25 15:31:06.903 [main] INFO  pages.LoginPage - Attempting to enter username 'locked_out_user' on Login page.
2024-09-25 15:31:07.007 [main] INFO  pages.LoginPage - Successfully entered username 'locked_out_user' on Login page.
2024-09-25 15:31:07.007 [main] INFO  pages.LoginPage - Attempting to enter password on the Login page.
2024-09-25 15:31:07.045 [main] INFO  pages.LoginPage - Successfully entered password on the Login page.
2024-09-25 15:31:07.045 [main] INFO  pages.LoginPage - Attempting to click the login button on the Login page.
2024-09-25 15:31:07.086 [main] INFO  pages.LoginPage - Successfully clicked the login button on the Login page.
2024-09-25 15:31:07.086 [main] INFO  pages.LoginPage - Checking visibility of element 'login error container' on the Login page.
2024-09-25 15:31:07.099 [main] INFO  pages.LoginPage - Element 'login error container' is displayed on the Login page: true
2024-09-25 15:31:07.099 [main] INFO  pages.LoginPage - Checking visibility of element 'login error' on the Login page.
2024-09-25 15:31:07.113 [main] INFO  pages.LoginPage - Element 'login error' is displayed on the Login page: true
2024-09-25 15:31:07.114 [main] INFO  pages.LoginPage - Checking visibility of element 'login error close button' on the Login page.
2024-09-25 15:31:07.130 [main] INFO  pages.LoginPage - Element 'login error close button' is displayed on the Login page: true
2024-09-25 15:31:07.130 [main] INFO  pages.LoginPage - Checking visibility of element 'locked out error message' on the Login page.
2024-09-25 15:31:07.147 [main] INFO  pages.LoginPage - Element 'locked out error message' is displayed on the Login page: true
2024-09-25 15:31:07.147 [main] INFO  stepDefinitions.Hooks - Scenario is ending...
2024-09-25 15:31:07.233 [main] INFO  factory.DriverFactory - WebDriver quit successfully.
2024-09-25 15:31:07.233 [main] INFO  stepDefinitions.Hooks - WebDriver quit for scenario scope and set to null.
2024-09-25 16:14:38.093 [main] INFO  org.testng.internal.Utils - [TestNG] Running:
  /Users/justinharrison/Library/Caches/JetBrains/IdeaIC2024.1/temp-testng-customsuite.xml

2024-09-25 16:14:38.340 [main] INFO  cofig.ConfigurationManager - Configuration properties loaded successfully.
2024-09-25 16:14:38.340 [main] INFO  stepDefinitions.Hooks - Scenario is starting...
2024-09-25 16:14:38.341 [main] INFO  factory.DriverFactory - Starting WebDriver for browser: chrome in headless mode: true
2024-09-25 16:14:39.751 [main] INFO  factory.DriverFactory - Chrome WebDriver initialized successfully in headless mode: true
2024-09-25 16:14:39.773 [main] INFO  factory.DriverFactory - Browser window maximized.
2024-09-25 16:14:39.774 [main] INFO  stepDefinitions.Hooks - WebDriver initialized for scenario scope.
2024-09-25 16:14:39.780 [main] INFO  pages.LoginPage - Attempting to enter username 'standard_user' on Login page.
2024-09-25 16:14:45.017 [main] ERROR helper.CommonUtils - Element not clickable after 5 seconds on Login page: By.id: user-name
org.openqa.selenium.TimeoutException: Expected condition failed: waiting for element to be clickable: By.id: user-name (tried for 5 second(s) with 500 milliseconds interval)
Build info: version: '4.25.0', revision: '8a8aea2337'
System info: os.name: 'Mac OS X', os.arch: 'aarch64', os.version: '15.1', java.version: '21.0.2'
Driver info: org.openqa.selenium.chrome.ChromeDriver
Capabilities {acceptInsecureCerts: false, browserName: chrome, browserVersion: 129.0.6668.60, chrome: {chromedriverVersion: 129.0.6668.70 (df87d5cf12b1..., userDataDir: /var/folders/_k/93pvpzq118q...}, fedcm:accounts: true, goog:chromeOptions: {debuggerAddress: localhost:62996}, networkConnectionEnabled: false, pageLoadStrategy: normal, platformName: mac, proxy: Proxy(), se:cdp: ws://localhost:62996/devtoo..., se:cdpVersion: 129.0.6668.60, setWindowRect: true, strictFileInteractability: false, timeouts: {implicit: 0, pageLoad: 300000, script: 30000}, unhandledPromptBehavior: dismiss and notify, webauthn:extension:credBlob: true, webauthn:extension:largeBlob: true, webauthn:extension:minPinLength: true, webauthn:extension:prf: true, webauthn:virtualAuthenticators: true}
Session ID: 2bc660a3f93b24efc85f56aa77d7f245
	at org.openqa.selenium.support.ui.WebDriverWait.timeoutException(WebDriverWait.java:84)
	at org.openqa.selenium.support.ui.FluentWait.until(FluentWait.java:228)
	at helper.CommonUtils.waitForElementToBeClickable(CommonUtils.java:51)
	at pages.LoginPage.enterUsername(LoginPage.java:66)
	at stepDefinitions.LoginSteps.the_user_enters_username_and_password(LoginSteps.java:33)
	at java.base/jdk.internal.reflect.DirectMethodHandleAccessor.invoke(DirectMethodHandleAccessor.java:103)
	at java.base/java.lang.reflect.Method.invoke(Method.java:580)
	at io.cucumber.java.Invoker.doInvoke(Invoker.java:66)
	at io.cucumber.java.Invoker.invoke(Invoker.java:24)
	at io.cucumber.java.AbstractGlueDefinition.invokeMethod(AbstractGlueDefinition.java:47)
	at io.cucumber.java.JavaStepDefinition.execute(JavaStepDefinition.java:29)
	at io.cucumber.core.runner.CoreStepDefinition.execute(CoreStepDefinition.java:66)
	at io.cucumber.core.runner.PickleStepDefinitionMatch.runStep(PickleStepDefinitionMatch.java:63)
	at io.cucumber.core.runner.ExecutionMode$1.execute(ExecutionMode.java:10)
	at io.cucumber.core.runner.TestStep.executeStep(TestStep.java:81)
	at io.cucumber.core.runner.TestStep.run(TestStep.java:53)
	at io.cucumber.core.runner.PickleStepTestStep.run(PickleStepTestStep.java:51)
	at io.cucumber.core.runner.TestCase.run(TestCase.java:84)
	at io.cucumber.core.runner.Runner.runPickle(Runner.java:75)
	at io.cucumber.testng.TestNGCucumberRunner.lambda$runScenario$1(TestNGCucumberRunner.java:132)
	at io.cucumber.core.runtime.CucumberExecutionContext.lambda$runTestCase$5(CucumberExecutionContext.java:136)
	at io.cucumber.core.runtime.RethrowingThrowableCollector.executeAndThrow(RethrowingThrowableCollector.java:23)
	at io.cucumber.core.runtime.CucumberExecutionContext.runTestCase(CucumberExecutionContext.java:136)
	at io.cucumber.testng.TestNGCucumberRunner.runScenario(TestNGCucumberRunner.java:129)
	at io.cucumber.testng.AbstractTestNGCucumberTests.runScenario(AbstractTestNGCucumberTests.java:35)
	at java.base/jdk.internal.reflect.DirectMethodHandleAccessor.invoke(DirectMethodHandleAccessor.java:103)
	at java.base/java.lang.reflect.Method.invoke(Method.java:580)
	at org.testng.internal.invokers.MethodInvocationHelper.invokeMethod(MethodInvocationHelper.java:141)
	at org.testng.internal.invokers.TestInvoker.invokeMethod(TestInvoker.java:686)
	at org.testng.internal.invokers.TestInvoker.invokeTestMethod(TestInvoker.java:230)
	at org.testng.internal.invokers.MethodRunner.runInSequence(MethodRunner.java:63)
	at org.testng.internal.invokers.TestInvoker$MethodInvocationAgent.invoke(TestInvoker.java:992)
	at org.testng.internal.invokers.TestInvoker.invokeTestMethods(TestInvoker.java:203)
	at org.testng.internal.invokers.TestMethodWorker.invokeTestMethods(TestMethodWorker.java:154)
	at org.testng.internal.invokers.TestMethodWorker.run(TestMethodWorker.java:134)
	at java.base/java.util.ArrayList.forEach(ArrayList.java:1596)
	at org.testng.TestRunner.privateRun(TestRunner.java:739)
	at org.testng.TestRunner.run(TestRunner.java:614)
	at org.testng.SuiteRunner.runTest(SuiteRunner.java:421)
	at org.testng.SuiteRunner.runSequentially(SuiteRunner.java:413)
	at org.testng.SuiteRunner.privateRun(SuiteRunner.java:373)
	at org.testng.SuiteRunner.run(SuiteRunner.java:312)
	at org.testng.SuiteRunnerWorker.runSuite(SuiteRunnerWorker.java:52)
	at org.testng.SuiteRunnerWorker.run(SuiteRunnerWorker.java:95)
	at org.testng.TestNG.runSuitesSequentially(TestNG.java:1274)
	at org.testng.TestNG.runSuitesLocally(TestNG.java:1208)
	at org.testng.TestNG.runSuites(TestNG.java:1112)
	at org.testng.TestNG.run(TestNG.java:1079)
	at com.intellij.rt.testng.IDEARemoteTestNG.run(IDEARemoteTestNG.java:65)
	at com.intellij.rt.testng.RemoteTestNGStarter.main(RemoteTestNGStarter.java:105)
2024-09-25 16:14:45.028 [main] INFO  stepDefinitions.Hooks - Scenario is ending...
2024-09-25 16:14:45.125 [main] INFO  factory.DriverFactory - WebDriver quit successfully.
2024-09-25 16:14:45.125 [main] INFO  stepDefinitions.Hooks - WebDriver quit for scenario scope and set to null.
2024-09-25 16:18:57.644 [main] INFO  org.testng.internal.Utils - [TestNG] Running:
  /Users/justinharrison/Library/Caches/JetBrains/IdeaIC2024.1/temp-testng-customsuite.xml

2024-09-25 16:18:57.888 [main] INFO  cofig.ConfigurationManager - Configuration properties loaded successfully.
2024-09-25 16:18:57.888 [main] INFO  stepDefinitions.Hooks - Scenario is starting...
2024-09-25 16:18:57.889 [main] INFO  factory.DriverFactory - Starting WebDriver for browser: chrome in headless mode: false
2024-09-25 16:18:59.151 [main] INFO  factory.DriverFactory - Chrome WebDriver initialized successfully in headless mode: false
2024-09-25 16:18:59.174 [main] INFO  factory.DriverFactory - Browser window maximized.
2024-09-25 16:18:59.175 [main] INFO  stepDefinitions.Hooks - WebDriver initialized for scenario scope.
2024-09-25 16:18:59.182 [main] INFO  pages.LoginPage - Attempting to enter username 'standard_user' on Login page.
2024-09-25 16:19:04.431 [main] ERROR helper.CommonUtils - Element not clickable after 5 seconds on Login page: By.id: user-name
org.openqa.selenium.TimeoutException: Expected condition failed: waiting for element to be clickable: By.id: user-name (tried for 5 second(s) with 500 milliseconds interval)
Build info: version: '4.25.0', revision: '8a8aea2337'
System info: os.name: 'Mac OS X', os.arch: 'aarch64', os.version: '15.1', java.version: '21.0.2'
Driver info: org.openqa.selenium.chrome.ChromeDriver
Capabilities {acceptInsecureCerts: false, browserName: chrome, browserVersion: 129.0.6668.60, chrome: {chromedriverVersion: 129.0.6668.70 (df87d5cf12b1..., userDataDir: /var/folders/_k/93pvpzq118q...}, fedcm:accounts: true, goog:chromeOptions: {debuggerAddress: localhost:63022}, networkConnectionEnabled: false, pageLoadStrategy: normal, platformName: mac, proxy: Proxy(), se:cdp: ws://localhost:63022/devtoo..., se:cdpVersion: 129.0.6668.60, setWindowRect: true, strictFileInteractability: false, timeouts: {implicit: 0, pageLoad: 300000, script: 30000}, unhandledPromptBehavior: dismiss and notify, webauthn:extension:credBlob: true, webauthn:extension:largeBlob: true, webauthn:extension:minPinLength: true, webauthn:extension:prf: true, webauthn:virtualAuthenticators: true}
Session ID: 603ca9c13de93e9fd61680b71883dfb9
	at org.openqa.selenium.support.ui.WebDriverWait.timeoutException(WebDriverWait.java:84)
	at org.openqa.selenium.support.ui.FluentWait.until(FluentWait.java:228)
	at helper.CommonUtils.waitForElementToBeClickable(CommonUtils.java:51)
	at pages.LoginPage.enterUsername(LoginPage.java:66)
	at stepDefinitions.LoginSteps.the_user_enters_username_and_password(LoginSteps.java:33)
	at java.base/jdk.internal.reflect.DirectMethodHandleAccessor.invoke(DirectMethodHandleAccessor.java:103)
	at java.base/java.lang.reflect.Method.invoke(Method.java:580)
	at io.cucumber.java.Invoker.doInvoke(Invoker.java:66)
	at io.cucumber.java.Invoker.invoke(Invoker.java:24)
	at io.cucumber.java.AbstractGlueDefinition.invokeMethod(AbstractGlueDefinition.java:47)
	at io.cucumber.java.JavaStepDefinition.execute(JavaStepDefinition.java:29)
	at io.cucumber.core.runner.CoreStepDefinition.execute(CoreStepDefinition.java:66)
	at io.cucumber.core.runner.PickleStepDefinitionMatch.runStep(PickleStepDefinitionMatch.java:63)
	at io.cucumber.core.runner.ExecutionMode$1.execute(ExecutionMode.java:10)
	at io.cucumber.core.runner.TestStep.executeStep(TestStep.java:81)
	at io.cucumber.core.runner.TestStep.run(TestStep.java:53)
	at io.cucumber.core.runner.PickleStepTestStep.run(PickleStepTestStep.java:51)
	at io.cucumber.core.runner.TestCase.run(TestCase.java:84)
	at io.cucumber.core.runner.Runner.runPickle(Runner.java:75)
	at io.cucumber.testng.TestNGCucumberRunner.lambda$runScenario$1(TestNGCucumberRunner.java:132)
	at io.cucumber.core.runtime.CucumberExecutionContext.lambda$runTestCase$5(CucumberExecutionContext.java:136)
	at io.cucumber.core.runtime.RethrowingThrowableCollector.executeAndThrow(RethrowingThrowableCollector.java:23)
	at io.cucumber.core.runtime.CucumberExecutionContext.runTestCase(CucumberExecutionContext.java:136)
	at io.cucumber.testng.TestNGCucumberRunner.runScenario(TestNGCucumberRunner.java:129)
	at io.cucumber.testng.AbstractTestNGCucumberTests.runScenario(AbstractTestNGCucumberTests.java:35)
	at java.base/jdk.internal.reflect.DirectMethodHandleAccessor.invoke(DirectMethodHandleAccessor.java:103)
	at java.base/java.lang.reflect.Method.invoke(Method.java:580)
	at org.testng.internal.invokers.MethodInvocationHelper.invokeMethod(MethodInvocationHelper.java:141)
	at org.testng.internal.invokers.TestInvoker.invokeMethod(TestInvoker.java:686)
	at org.testng.internal.invokers.TestInvoker.invokeTestMethod(TestInvoker.java:230)
	at org.testng.internal.invokers.MethodRunner.runInSequence(MethodRunner.java:63)
	at org.testng.internal.invokers.TestInvoker$MethodInvocationAgent.invoke(TestInvoker.java:992)
	at org.testng.internal.invokers.TestInvoker.invokeTestMethods(TestInvoker.java:203)
	at org.testng.internal.invokers.TestMethodWorker.invokeTestMethods(TestMethodWorker.java:154)
	at org.testng.internal.invokers.TestMethodWorker.run(TestMethodWorker.java:134)
	at java.base/java.util.ArrayList.forEach(ArrayList.java:1596)
	at org.testng.TestRunner.privateRun(TestRunner.java:739)
	at org.testng.TestRunner.run(TestRunner.java:614)
	at org.testng.SuiteRunner.runTest(SuiteRunner.java:421)
	at org.testng.SuiteRunner.runSequentially(SuiteRunner.java:413)
	at org.testng.SuiteRunner.privateRun(SuiteRunner.java:373)
	at org.testng.SuiteRunner.run(SuiteRunner.java:312)
	at org.testng.SuiteRunnerWorker.runSuite(SuiteRunnerWorker.java:52)
	at org.testng.SuiteRunnerWorker.run(SuiteRunnerWorker.java:95)
	at org.testng.TestNG.runSuitesSequentially(TestNG.java:1274)
	at org.testng.TestNG.runSuitesLocally(TestNG.java:1208)
	at org.testng.TestNG.runSuites(TestNG.java:1112)
	at org.testng.TestNG.run(TestNG.java:1079)
	at com.intellij.rt.testng.IDEARemoteTestNG.run(IDEARemoteTestNG.java:65)
	at com.intellij.rt.testng.RemoteTestNGStarter.main(RemoteTestNGStarter.java:105)
2024-09-25 16:19:04.441 [main] INFO  stepDefinitions.Hooks - Scenario is ending...
2024-09-25 16:19:04.539 [main] INFO  factory.DriverFactory - WebDriver quit successfully.
2024-09-25 16:19:04.539 [main] INFO  stepDefinitions.Hooks - WebDriver quit for scenario scope and set to null.
2024-09-25 16:19:33.546 [main] INFO  org.testng.internal.Utils - [TestNG] Running:
  /Users/justinharrison/Library/Caches/JetBrains/IdeaIC2024.1/temp-testng-customsuite.xml

2024-09-25 16:19:33.790 [main] INFO  cofig.ConfigurationManager - Configuration properties loaded successfully.
2024-09-25 16:19:33.790 [main] INFO  stepDefinitions.Hooks - Scenario is starting...
2024-09-25 16:19:33.791 [main] INFO  factory.DriverFactory - Starting WebDriver for browser: chrome in headless mode: false
2024-09-25 16:19:34.799 [main] INFO  factory.DriverFactory - Chrome WebDriver initialized successfully in headless mode: false
2024-09-25 16:19:34.819 [main] INFO  factory.DriverFactory - Browser window maximized.
2024-09-25 16:19:34.822 [main] INFO  stepDefinitions.Hooks - WebDriver initialized for scenario scope.
2024-09-25 16:19:34.834 [main] INFO  pages.LoginPage - Attempting to enter username 'standard_user' on Login page.
2024-09-25 16:19:40.045 [main] ERROR helper.CommonUtils - Element not clickable after 5 seconds on Login page: By.id: user-name
org.openqa.selenium.TimeoutException: Expected condition failed: waiting for element to be clickable: By.id: user-name (tried for 5 second(s) with 500 milliseconds interval)
Build info: version: '4.25.0', revision: '8a8aea2337'
System info: os.name: 'Mac OS X', os.arch: 'aarch64', os.version: '15.1', java.version: '21.0.2'
Driver info: org.openqa.selenium.chrome.ChromeDriver
Capabilities {acceptInsecureCerts: false, browserName: chrome, browserVersion: 129.0.6668.60, chrome: {chromedriverVersion: 129.0.6668.70 (df87d5cf12b1..., userDataDir: /var/folders/_k/93pvpzq118q...}, fedcm:accounts: true, goog:chromeOptions: {debuggerAddress: localhost:63040}, networkConnectionEnabled: false, pageLoadStrategy: normal, platformName: mac, proxy: Proxy(), se:cdp: ws://localhost:63040/devtoo..., se:cdpVersion: 129.0.6668.60, setWindowRect: true, strictFileInteractability: false, timeouts: {implicit: 0, pageLoad: 300000, script: 30000}, unhandledPromptBehavior: dismiss and notify, webauthn:extension:credBlob: true, webauthn:extension:largeBlob: true, webauthn:extension:minPinLength: true, webauthn:extension:prf: true, webauthn:virtualAuthenticators: true}
Session ID: abfdc9dfc481432e1a3c816c820d06e4
	at org.openqa.selenium.support.ui.WebDriverWait.timeoutException(WebDriverWait.java:84)
	at org.openqa.selenium.support.ui.FluentWait.until(FluentWait.java:228)
	at helper.CommonUtils.waitForElementToBeClickable(CommonUtils.java:51)
	at pages.LoginPage.enterUsername(LoginPage.java:66)
	at stepDefinitions.LoginSteps.the_user_enters_username_and_password(LoginSteps.java:33)
	at java.base/jdk.internal.reflect.DirectMethodHandleAccessor.invoke(DirectMethodHandleAccessor.java:103)
	at java.base/java.lang.reflect.Method.invoke(Method.java:580)
	at io.cucumber.java.Invoker.doInvoke(Invoker.java:66)
	at io.cucumber.java.Invoker.invoke(Invoker.java:24)
	at io.cucumber.java.AbstractGlueDefinition.invokeMethod(AbstractGlueDefinition.java:47)
	at io.cucumber.java.JavaStepDefinition.execute(JavaStepDefinition.java:29)
	at io.cucumber.core.runner.CoreStepDefinition.execute(CoreStepDefinition.java:66)
	at io.cucumber.core.runner.PickleStepDefinitionMatch.runStep(PickleStepDefinitionMatch.java:63)
	at io.cucumber.core.runner.ExecutionMode$1.execute(ExecutionMode.java:10)
	at io.cucumber.core.runner.TestStep.executeStep(TestStep.java:81)
	at io.cucumber.core.runner.TestStep.run(TestStep.java:53)
	at io.cucumber.core.runner.PickleStepTestStep.run(PickleStepTestStep.java:51)
	at io.cucumber.core.runner.TestCase.run(TestCase.java:84)
	at io.cucumber.core.runner.Runner.runPickle(Runner.java:75)
	at io.cucumber.testng.TestNGCucumberRunner.lambda$runScenario$1(TestNGCucumberRunner.java:132)
	at io.cucumber.core.runtime.CucumberExecutionContext.lambda$runTestCase$5(CucumberExecutionContext.java:136)
	at io.cucumber.core.runtime.RethrowingThrowableCollector.executeAndThrow(RethrowingThrowableCollector.java:23)
	at io.cucumber.core.runtime.CucumberExecutionContext.runTestCase(CucumberExecutionContext.java:136)
	at io.cucumber.testng.TestNGCucumberRunner.runScenario(TestNGCucumberRunner.java:129)
	at io.cucumber.testng.AbstractTestNGCucumberTests.runScenario(AbstractTestNGCucumberTests.java:35)
	at java.base/jdk.internal.reflect.DirectMethodHandleAccessor.invoke(DirectMethodHandleAccessor.java:103)
	at java.base/java.lang.reflect.Method.invoke(Method.java:580)
	at org.testng.internal.invokers.MethodInvocationHelper.invokeMethod(MethodInvocationHelper.java:141)
	at org.testng.internal.invokers.TestInvoker.invokeMethod(TestInvoker.java:686)
	at org.testng.internal.invokers.TestInvoker.invokeTestMethod(TestInvoker.java:230)
	at org.testng.internal.invokers.MethodRunner.runInSequence(MethodRunner.java:63)
	at org.testng.internal.invokers.TestInvoker$MethodInvocationAgent.invoke(TestInvoker.java:992)
	at org.testng.internal.invokers.TestInvoker.invokeTestMethods(TestInvoker.java:203)
	at org.testng.internal.invokers.TestMethodWorker.invokeTestMethods(TestMethodWorker.java:154)
	at org.testng.internal.invokers.TestMethodWorker.run(TestMethodWorker.java:134)
	at java.base/java.util.ArrayList.forEach(ArrayList.java:1596)
	at org.testng.TestRunner.privateRun(TestRunner.java:739)
	at org.testng.TestRunner.run(TestRunner.java:614)
	at org.testng.SuiteRunner.runTest(SuiteRunner.java:421)
	at org.testng.SuiteRunner.runSequentially(SuiteRunner.java:413)
	at org.testng.SuiteRunner.privateRun(SuiteRunner.java:373)
	at org.testng.SuiteRunner.run(SuiteRunner.java:312)
	at org.testng.SuiteRunnerWorker.runSuite(SuiteRunnerWorker.java:52)
	at org.testng.SuiteRunnerWorker.run(SuiteRunnerWorker.java:95)
	at org.testng.TestNG.runSuitesSequentially(TestNG.java:1274)
	at org.testng.TestNG.runSuitesLocally(TestNG.java:1208)
	at org.testng.TestNG.runSuites(TestNG.java:1112)
	at org.testng.TestNG.run(TestNG.java:1079)
	at com.intellij.rt.testng.IDEARemoteTestNG.run(IDEARemoteTestNG.java:65)
	at com.intellij.rt.testng.RemoteTestNGStarter.main(RemoteTestNGStarter.java:105)
2024-09-25 16:19:40.056 [main] INFO  stepDefinitions.Hooks - Scenario is ending...
2024-09-25 16:19:40.155 [main] INFO  factory.DriverFactory - WebDriver quit successfully.
2024-09-25 16:19:40.155 [main] INFO  stepDefinitions.Hooks - WebDriver quit for scenario scope and set to null.
2024-09-25 16:20:07.449 [main] INFO  org.testng.internal.Utils - [TestNG] Running:
  /Users/justinharrison/Library/Caches/JetBrains/IdeaIC2024.1/temp-testng-customsuite.xml

2024-09-25 16:20:07.687 [main] INFO  cofig.ConfigurationManager - Configuration properties loaded successfully.
2024-09-25 16:20:07.687 [main] INFO  stepDefinitions.Hooks - Scenario is starting...
2024-09-25 16:20:07.687 [main] INFO  factory.DriverFactory - Starting WebDriver for browser: chrome in headless mode: false
2024-09-25 16:20:08.701 [main] INFO  factory.DriverFactory - Chrome WebDriver initialized successfully in headless mode: false
2024-09-25 16:20:08.728 [main] INFO  factory.DriverFactory - Browser window maximized.
2024-09-25 16:20:08.730 [main] INFO  stepDefinitions.Hooks - WebDriver initialized for scenario scope.
2024-09-25 16:20:09.340 [main] INFO  pages.LoginPage - Attempting to enter username 'standard_user' on Login page.
2024-09-25 16:20:09.456 [main] INFO  pages.LoginPage - Successfully entered username 'standard_user' on Login page.
2024-09-25 16:20:09.457 [main] INFO  pages.LoginPage - Attempting to enter password on the Login page.
2024-09-25 16:20:09.501 [main] INFO  pages.LoginPage - Successfully entered password on the Login page.
2024-09-25 16:20:09.502 [main] INFO  pages.LoginPage - Attempting to click the login button on the Login page.
2024-09-25 16:20:09.564 [main] INFO  pages.LoginPage - Successfully clicked the login button on the Login page.
2024-09-25 16:20:09.675 [main] INFO  pages.HomePage - Checking visibility of element 'products header' on the Home page.
2024-09-25 16:20:09.692 [main] INFO  pages.HomePage - Element 'products header' is displayed on the Home page: true
2024-09-25 16:20:09.693 [main] INFO  stepDefinitions.Hooks - Scenario is ending...
2024-09-25 16:20:09.783 [main] INFO  factory.DriverFactory - WebDriver quit successfully.
2024-09-25 16:20:09.783 [main] INFO  stepDefinitions.Hooks - WebDriver quit for scenario scope and set to null.
2024-09-25 18:36:09.089 [main] INFO  org.testng.internal.Utils - [TestNG] Running:
  /Users/justinharrison/Library/Caches/JetBrains/IdeaIC2024.1/temp-testng-customsuite.xml

2024-09-25 18:36:09.337 [main] INFO  cofig.ConfigurationManager - Configuration properties loaded successfully.
2024-09-25 18:36:09.337 [main] INFO  stepDefinitions.Hooks - Scenario is starting...
2024-09-25 18:36:09.337 [main] INFO  factory.DriverFactory - Starting WebDriver for browser: chrome in headless mode: false
2024-09-25 18:36:11.255 [main] INFO  factory.DriverFactory - Chrome WebDriver initialized successfully in headless mode: false
2024-09-25 18:36:11.278 [main] INFO  factory.DriverFactory - Browser window maximized.
2024-09-25 18:36:11.284 [main] INFO  stepDefinitions.Hooks - WebDriver initialized for scenario scope.
2024-09-25 18:36:11.719 [main] INFO  pages.LoginPage - Attempting to enter username 'standard_user' on Login page.
2024-09-25 18:36:11.837 [main] INFO  pages.LoginPage - Successfully entered username 'standard_user' on Login page.
2024-09-25 18:36:11.837 [main] INFO  pages.LoginPage - Attempting to enter password on the Login page.
2024-09-25 18:36:11.884 [main] INFO  pages.LoginPage - Successfully entered password on the Login page.
2024-09-25 18:36:11.884 [main] INFO  pages.LoginPage - Attempting to click the login button on the Login page.
2024-09-25 18:36:11.953 [main] INFO  pages.LoginPage - Successfully clicked the login button on the Login page.
2024-09-25 18:36:11.957 [main] INFO  pages.HomePage - Checking visibility of element 'products header' on the Home page.
2024-09-25 18:36:11.973 [main] INFO  pages.HomePage - Element 'products header' is displayed on the Home page: true
2024-09-25 18:36:11.974 [main] INFO  pages.BasePage - Checking visibility of common element 'hamburger button'.
2024-09-25 18:36:11.974 [main] ERROR helper.CommonUtils - An unexpected error occurred while waiting for visibility of element on Base page: null
java.lang.IllegalArgumentException: Locator must be set
	at org.openqa.selenium.internal.Require.nonNull(Require.java:61)
	at org.openqa.selenium.remote.RemoteWebDriver.findElement(RemoteWebDriver.java:360)
	at org.openqa.selenium.support.ui.ExpectedConditions$7.apply(ExpectedConditions.java:194)
	at org.openqa.selenium.support.ui.ExpectedConditions$7.apply(ExpectedConditions.java:190)
	at org.openqa.selenium.support.ui.FluentWait.until(FluentWait.java:203)
	at helper.CommonUtils.waitForVisibility(CommonUtils.java:37)
	at pages.BasePage.isCommonElementDisplayed(BasePage.java:46)
	at stepDefinitions.BaseSteps.the_user_should_see_the(BaseSteps.java:55)
	at java.base/jdk.internal.reflect.DirectMethodHandleAccessor.invoke(DirectMethodHandleAccessor.java:103)
	at java.base/java.lang.reflect.Method.invoke(Method.java:580)
	at io.cucumber.java.Invoker.doInvoke(Invoker.java:66)
	at io.cucumber.java.Invoker.invoke(Invoker.java:24)
	at io.cucumber.java.AbstractGlueDefinition.invokeMethod(AbstractGlueDefinition.java:47)
	at io.cucumber.java.JavaStepDefinition.execute(JavaStepDefinition.java:29)
	at io.cucumber.core.runner.CoreStepDefinition.execute(CoreStepDefinition.java:66)
	at io.cucumber.core.runner.PickleStepDefinitionMatch.runStep(PickleStepDefinitionMatch.java:63)
	at io.cucumber.core.runner.ExecutionMode$1.execute(ExecutionMode.java:10)
	at io.cucumber.core.runner.TestStep.executeStep(TestStep.java:81)
	at io.cucumber.core.runner.TestStep.run(TestStep.java:53)
	at io.cucumber.core.runner.PickleStepTestStep.run(PickleStepTestStep.java:51)
	at io.cucumber.core.runner.TestCase.run(TestCase.java:84)
	at io.cucumber.core.runner.Runner.runPickle(Runner.java:75)
	at io.cucumber.testng.TestNGCucumberRunner.lambda$runScenario$1(TestNGCucumberRunner.java:132)
	at io.cucumber.core.runtime.CucumberExecutionContext.lambda$runTestCase$5(CucumberExecutionContext.java:136)
	at io.cucumber.core.runtime.RethrowingThrowableCollector.executeAndThrow(RethrowingThrowableCollector.java:23)
	at io.cucumber.core.runtime.CucumberExecutionContext.runTestCase(CucumberExecutionContext.java:136)
	at io.cucumber.testng.TestNGCucumberRunner.runScenario(TestNGCucumberRunner.java:129)
	at io.cucumber.testng.AbstractTestNGCucumberTests.runScenario(AbstractTestNGCucumberTests.java:35)
	at java.base/jdk.internal.reflect.DirectMethodHandleAccessor.invoke(DirectMethodHandleAccessor.java:103)
	at java.base/java.lang.reflect.Method.invoke(Method.java:580)
	at org.testng.internal.invokers.MethodInvocationHelper.invokeMethod(MethodInvocationHelper.java:141)
	at org.testng.internal.invokers.TestInvoker.invokeMethod(TestInvoker.java:686)
	at org.testng.internal.invokers.TestInvoker.invokeTestMethod(TestInvoker.java:230)
	at org.testng.internal.invokers.MethodRunner.runInSequence(MethodRunner.java:63)
	at org.testng.internal.invokers.TestInvoker$MethodInvocationAgent.invoke(TestInvoker.java:992)
	at org.testng.internal.invokers.TestInvoker.invokeTestMethods(TestInvoker.java:203)
	at org.testng.internal.invokers.TestMethodWorker.invokeTestMethods(TestMethodWorker.java:154)
	at org.testng.internal.invokers.TestMethodWorker.run(TestMethodWorker.java:134)
	at java.base/java.util.ArrayList.forEach(ArrayList.java:1596)
	at org.testng.TestRunner.privateRun(TestRunner.java:739)
	at org.testng.TestRunner.run(TestRunner.java:614)
	at org.testng.SuiteRunner.runTest(SuiteRunner.java:421)
	at org.testng.SuiteRunner.runSequentially(SuiteRunner.java:413)
	at org.testng.SuiteRunner.privateRun(SuiteRunner.java:373)
	at org.testng.SuiteRunner.run(SuiteRunner.java:312)
	at org.testng.SuiteRunnerWorker.runSuite(SuiteRunnerWorker.java:52)
	at org.testng.SuiteRunnerWorker.run(SuiteRunnerWorker.java:95)
	at org.testng.TestNG.runSuitesSequentially(TestNG.java:1274)
	at org.testng.TestNG.runSuitesLocally(TestNG.java:1208)
	at org.testng.TestNG.runSuites(TestNG.java:1112)
	at org.testng.TestNG.run(TestNG.java:1079)
	at com.intellij.rt.testng.IDEARemoteTestNG.run(IDEARemoteTestNG.java:65)
	at com.intellij.rt.testng.RemoteTestNGStarter.main(RemoteTestNGStarter.java:105)
2024-09-25 18:36:11.978 [main] INFO  stepDefinitions.Hooks - Scenario is ending...
2024-09-25 18:36:12.095 [main] INFO  factory.DriverFactory - WebDriver quit successfully.
2024-09-25 18:36:12.095 [main] INFO  stepDefinitions.Hooks - WebDriver quit for scenario scope and set to null.
2024-09-25 18:39:15.854 [main] INFO  org.testng.internal.Utils - [TestNG] Running:
  /Users/justinharrison/Library/Caches/JetBrains/IdeaIC2024.1/temp-testng-customsuite.xml

2024-09-25 18:39:16.098 [main] INFO  cofig.ConfigurationManager - Configuration properties loaded successfully.
2024-09-25 18:39:16.098 [main] INFO  stepDefinitions.Hooks - Scenario is starting...
2024-09-25 18:39:16.099 [main] INFO  factory.DriverFactory - Starting WebDriver for browser: chrome in headless mode: false
2024-09-25 18:39:17.415 [main] INFO  factory.DriverFactory - Chrome WebDriver initialized successfully in headless mode: false
2024-09-25 18:39:17.443 [main] INFO  factory.DriverFactory - Browser window maximized.
2024-09-25 18:39:17.443 [main] INFO  stepDefinitions.Hooks - WebDriver initialized for scenario scope.
2024-09-25 18:39:17.714 [main] INFO  pages.LoginPage - Attempting to enter username 'standard_user' on Login page.
2024-09-25 18:39:17.816 [main] INFO  pages.LoginPage - Successfully entered username 'standard_user' on Login page.
2024-09-25 18:39:17.817 [main] INFO  pages.LoginPage - Attempting to enter password on the Login page.
2024-09-25 18:39:17.858 [main] INFO  pages.LoginPage - Successfully entered password on the Login page.
2024-09-25 18:39:17.858 [main] INFO  pages.LoginPage - Attempting to click the login button on the Login page.
2024-09-25 18:39:17.909 [main] INFO  pages.LoginPage - Successfully clicked the login button on the Login page.
2024-09-25 18:39:17.914 [main] INFO  pages.BasePage - Checking visibility of common element 'hamburger button'.
2024-09-25 18:39:17.914 [main] ERROR helper.CommonUtils - An unexpected error occurred while waiting for visibility of element on Base page: null
java.lang.IllegalArgumentException: Locator must be set
	at org.openqa.selenium.internal.Require.nonNull(Require.java:61)
	at org.openqa.selenium.remote.RemoteWebDriver.findElement(RemoteWebDriver.java:360)
	at org.openqa.selenium.support.ui.ExpectedConditions$7.apply(ExpectedConditions.java:194)
	at org.openqa.selenium.support.ui.ExpectedConditions$7.apply(ExpectedConditions.java:190)
	at org.openqa.selenium.support.ui.FluentWait.until(FluentWait.java:203)
	at helper.CommonUtils.waitForVisibility(CommonUtils.java:37)
	at pages.BasePage.isCommonElementDisplayed(BasePage.java:46)
	at stepDefinitions.BaseSteps.the_user_should_see_the(BaseSteps.java:55)
	at java.base/jdk.internal.reflect.DirectMethodHandleAccessor.invoke(DirectMethodHandleAccessor.java:103)
	at java.base/java.lang.reflect.Method.invoke(Method.java:580)
	at io.cucumber.java.Invoker.doInvoke(Invoker.java:66)
	at io.cucumber.java.Invoker.invoke(Invoker.java:24)
	at io.cucumber.java.AbstractGlueDefinition.invokeMethod(AbstractGlueDefinition.java:47)
	at io.cucumber.java.JavaStepDefinition.execute(JavaStepDefinition.java:29)
	at io.cucumber.core.runner.CoreStepDefinition.execute(CoreStepDefinition.java:66)
	at io.cucumber.core.runner.PickleStepDefinitionMatch.runStep(PickleStepDefinitionMatch.java:63)
	at io.cucumber.core.runner.ExecutionMode$1.execute(ExecutionMode.java:10)
	at io.cucumber.core.runner.TestStep.executeStep(TestStep.java:81)
	at io.cucumber.core.runner.TestStep.run(TestStep.java:53)
	at io.cucumber.core.runner.PickleStepTestStep.run(PickleStepTestStep.java:51)
	at io.cucumber.core.runner.TestCase.run(TestCase.java:84)
	at io.cucumber.core.runner.Runner.runPickle(Runner.java:75)
	at io.cucumber.testng.TestNGCucumberRunner.lambda$runScenario$1(TestNGCucumberRunner.java:132)
	at io.cucumber.core.runtime.CucumberExecutionContext.lambda$runTestCase$5(CucumberExecutionContext.java:136)
	at io.cucumber.core.runtime.RethrowingThrowableCollector.executeAndThrow(RethrowingThrowableCollector.java:23)
	at io.cucumber.core.runtime.CucumberExecutionContext.runTestCase(CucumberExecutionContext.java:136)
	at io.cucumber.testng.TestNGCucumberRunner.runScenario(TestNGCucumberRunner.java:129)
	at io.cucumber.testng.AbstractTestNGCucumberTests.runScenario(AbstractTestNGCucumberTests.java:35)
	at java.base/jdk.internal.reflect.DirectMethodHandleAccessor.invoke(DirectMethodHandleAccessor.java:103)
	at java.base/java.lang.reflect.Method.invoke(Method.java:580)
	at org.testng.internal.invokers.MethodInvocationHelper.invokeMethod(MethodInvocationHelper.java:141)
	at org.testng.internal.invokers.TestInvoker.invokeMethod(TestInvoker.java:686)
	at org.testng.internal.invokers.TestInvoker.invokeTestMethod(TestInvoker.java:230)
	at org.testng.internal.invokers.MethodRunner.runInSequence(MethodRunner.java:63)
	at org.testng.internal.invokers.TestInvoker$MethodInvocationAgent.invoke(TestInvoker.java:992)
	at org.testng.internal.invokers.TestInvoker.invokeTestMethods(TestInvoker.java:203)
	at org.testng.internal.invokers.TestMethodWorker.invokeTestMethods(TestMethodWorker.java:154)
	at org.testng.internal.invokers.TestMethodWorker.run(TestMethodWorker.java:134)
	at java.base/java.util.ArrayList.forEach(ArrayList.java:1596)
	at org.testng.TestRunner.privateRun(TestRunner.java:739)
	at org.testng.TestRunner.run(TestRunner.java:614)
	at org.testng.SuiteRunner.runTest(SuiteRunner.java:421)
	at org.testng.SuiteRunner.runSequentially(SuiteRunner.java:413)
	at org.testng.SuiteRunner.privateRun(SuiteRunner.java:373)
	at org.testng.SuiteRunner.run(SuiteRunner.java:312)
	at org.testng.SuiteRunnerWorker.runSuite(SuiteRunnerWorker.java:52)
	at org.testng.SuiteRunnerWorker.run(SuiteRunnerWorker.java:95)
	at org.testng.TestNG.runSuitesSequentially(TestNG.java:1274)
	at org.testng.TestNG.runSuitesLocally(TestNG.java:1208)
	at org.testng.TestNG.runSuites(TestNG.java:1112)
	at org.testng.TestNG.run(TestNG.java:1079)
	at com.intellij.rt.testng.IDEARemoteTestNG.run(IDEARemoteTestNG.java:65)
	at com.intellij.rt.testng.RemoteTestNGStarter.main(RemoteTestNGStarter.java:105)
2024-09-25 18:39:17.918 [main] INFO  stepDefinitions.Hooks - Scenario is ending...
2024-09-25 18:39:18.016 [main] INFO  factory.DriverFactory - WebDriver quit successfully.
2024-09-25 18:39:18.018 [main] INFO  stepDefinitions.Hooks - WebDriver quit for scenario scope and set to null.
2024-09-25 18:43:04.481 [main] INFO  org.testng.internal.Utils - [TestNG] Running:
  /Users/justinharrison/Library/Caches/JetBrains/IdeaIC2024.1/temp-testng-customsuite.xml

2024-09-25 18:43:04.722 [main] INFO  cofig.ConfigurationManager - Configuration properties loaded successfully.
2024-09-25 18:43:04.723 [main] INFO  stepDefinitions.Hooks - Scenario is starting...
2024-09-25 18:43:04.723 [main] INFO  factory.DriverFactory - Starting WebDriver for browser: chrome in headless mode: false
2024-09-25 18:43:06.188 [main] INFO  factory.DriverFactory - Chrome WebDriver initialized successfully in headless mode: false
2024-09-25 18:43:06.220 [main] INFO  factory.DriverFactory - Browser window maximized.
2024-09-25 18:43:06.220 [main] INFO  stepDefinitions.Hooks - WebDriver initialized for scenario scope.
2024-09-25 18:43:06.522 [main] INFO  pages.LoginPage - Attempting to enter username 'standard_user' on Login page.
2024-09-25 18:43:06.646 [main] INFO  pages.LoginPage - Successfully entered username 'standard_user' on Login page.
2024-09-25 18:43:06.646 [main] INFO  pages.LoginPage - Attempting to enter password on the Login page.
2024-09-25 18:43:06.688 [main] INFO  pages.LoginPage - Successfully entered password on the Login page.
2024-09-25 18:43:06.688 [main] INFO  pages.LoginPage - Attempting to click the login button on the Login page.
2024-09-25 18:43:06.748 [main] INFO  pages.LoginPage - Successfully clicked the login button on the Login page.
2024-09-25 18:43:06.754 [main] INFO  pages.HomePage - Checking visibility of element 'products header' on the Home page.
2024-09-25 18:43:06.776 [main] INFO  pages.HomePage - Element 'products header' is displayed on the Home page: true
2024-09-25 18:43:06.776 [main] INFO  pages.BasePage - Checking visibility of common element 'hamburger button'.
2024-09-25 18:43:06.777 [main] ERROR helper.CommonUtils - An unexpected error occurred while waiting for visibility of element on Base page: null
java.lang.IllegalArgumentException: Locator must be set
	at org.openqa.selenium.internal.Require.nonNull(Require.java:61)
	at org.openqa.selenium.remote.RemoteWebDriver.findElement(RemoteWebDriver.java:360)
	at org.openqa.selenium.support.ui.ExpectedConditions$7.apply(ExpectedConditions.java:194)
	at org.openqa.selenium.support.ui.ExpectedConditions$7.apply(ExpectedConditions.java:190)
	at org.openqa.selenium.support.ui.FluentWait.until(FluentWait.java:203)
	at helper.CommonUtils.waitForVisibility(CommonUtils.java:37)
	at pages.BasePage.isCommonElementDisplayed(BasePage.java:46)
	at stepDefinitions.BaseSteps.the_user_should_see_the(BaseSteps.java:55)
	at java.base/jdk.internal.reflect.DirectMethodHandleAccessor.invoke(DirectMethodHandleAccessor.java:103)
	at java.base/java.lang.reflect.Method.invoke(Method.java:580)
	at io.cucumber.java.Invoker.doInvoke(Invoker.java:66)
	at io.cucumber.java.Invoker.invoke(Invoker.java:24)
	at io.cucumber.java.AbstractGlueDefinition.invokeMethod(AbstractGlueDefinition.java:47)
	at io.cucumber.java.JavaStepDefinition.execute(JavaStepDefinition.java:29)
	at io.cucumber.core.runner.CoreStepDefinition.execute(CoreStepDefinition.java:66)
	at io.cucumber.core.runner.PickleStepDefinitionMatch.runStep(PickleStepDefinitionMatch.java:63)
	at io.cucumber.core.runner.ExecutionMode$1.execute(ExecutionMode.java:10)
	at io.cucumber.core.runner.TestStep.executeStep(TestStep.java:81)
	at io.cucumber.core.runner.TestStep.run(TestStep.java:53)
	at io.cucumber.core.runner.PickleStepTestStep.run(PickleStepTestStep.java:51)
	at io.cucumber.core.runner.TestCase.run(TestCase.java:84)
	at io.cucumber.core.runner.Runner.runPickle(Runner.java:75)
	at io.cucumber.testng.TestNGCucumberRunner.lambda$runScenario$1(TestNGCucumberRunner.java:132)
	at io.cucumber.core.runtime.CucumberExecutionContext.lambda$runTestCase$5(CucumberExecutionContext.java:136)
	at io.cucumber.core.runtime.RethrowingThrowableCollector.executeAndThrow(RethrowingThrowableCollector.java:23)
	at io.cucumber.core.runtime.CucumberExecutionContext.runTestCase(CucumberExecutionContext.java:136)
	at io.cucumber.testng.TestNGCucumberRunner.runScenario(TestNGCucumberRunner.java:129)
	at io.cucumber.testng.AbstractTestNGCucumberTests.runScenario(AbstractTestNGCucumberTests.java:35)
	at java.base/jdk.internal.reflect.DirectMethodHandleAccessor.invoke(DirectMethodHandleAccessor.java:103)
	at java.base/java.lang.reflect.Method.invoke(Method.java:580)
	at org.testng.internal.invokers.MethodInvocationHelper.invokeMethod(MethodInvocationHelper.java:141)
	at org.testng.internal.invokers.TestInvoker.invokeMethod(TestInvoker.java:686)
	at org.testng.internal.invokers.TestInvoker.invokeTestMethod(TestInvoker.java:230)
	at org.testng.internal.invokers.MethodRunner.runInSequence(MethodRunner.java:63)
	at org.testng.internal.invokers.TestInvoker$MethodInvocationAgent.invoke(TestInvoker.java:992)
	at org.testng.internal.invokers.TestInvoker.invokeTestMethods(TestInvoker.java:203)
	at org.testng.internal.invokers.TestMethodWorker.invokeTestMethods(TestMethodWorker.java:154)
	at org.testng.internal.invokers.TestMethodWorker.run(TestMethodWorker.java:134)
	at java.base/java.util.ArrayList.forEach(ArrayList.java:1596)
	at org.testng.TestRunner.privateRun(TestRunner.java:739)
	at org.testng.TestRunner.run(TestRunner.java:614)
	at org.testng.SuiteRunner.runTest(SuiteRunner.java:421)
	at org.testng.SuiteRunner.runSequentially(SuiteRunner.java:413)
	at org.testng.SuiteRunner.privateRun(SuiteRunner.java:373)
	at org.testng.SuiteRunner.run(SuiteRunner.java:312)
	at org.testng.SuiteRunnerWorker.runSuite(SuiteRunnerWorker.java:52)
	at org.testng.SuiteRunnerWorker.run(SuiteRunnerWorker.java:95)
	at org.testng.TestNG.runSuitesSequentially(TestNG.java:1274)
	at org.testng.TestNG.runSuitesLocally(TestNG.java:1208)
	at org.testng.TestNG.runSuites(TestNG.java:1112)
	at org.testng.TestNG.run(TestNG.java:1079)
	at com.intellij.rt.testng.IDEARemoteTestNG.run(IDEARemoteTestNG.java:65)
	at com.intellij.rt.testng.RemoteTestNGStarter.main(RemoteTestNGStarter.java:105)
2024-09-25 18:43:06.780 [main] INFO  stepDefinitions.Hooks - Scenario is ending...
2024-09-25 18:43:06.890 [main] INFO  factory.DriverFactory - WebDriver quit successfully.
2024-09-25 18:43:06.890 [main] INFO  stepDefinitions.Hooks - WebDriver quit for scenario scope and set to null.
2024-09-25 18:47:29.794 [main] INFO  org.testng.internal.Utils - [TestNG] Running:
  /Users/justinharrison/Library/Caches/JetBrains/IdeaIC2024.1/temp-testng-customsuite.xml

2024-09-25 18:47:30.029 [main] INFO  cofig.ConfigurationManager - Configuration properties loaded successfully.
2024-09-25 18:47:30.030 [main] INFO  stepDefinitions.Hooks - Scenario is starting...
2024-09-25 18:47:30.030 [main] INFO  factory.DriverFactory - Starting WebDriver for browser: chrome in headless mode: false
2024-09-25 18:47:31.489 [main] INFO  factory.DriverFactory - Chrome WebDriver initialized successfully in headless mode: false
2024-09-25 18:47:31.527 [main] INFO  factory.DriverFactory - Browser window maximized.
2024-09-25 18:47:31.530 [main] INFO  stepDefinitions.Hooks - WebDriver initialized for scenario scope.
2024-09-25 18:47:31.913 [main] INFO  pages.LoginPage - Attempting to enter username 'standard_user' on Login page.
2024-09-25 18:47:32.033 [main] INFO  pages.LoginPage - Successfully entered username 'standard_user' on Login page.
2024-09-25 18:47:32.033 [main] INFO  pages.LoginPage - Attempting to enter password on the Login page.
2024-09-25 18:47:32.076 [main] INFO  pages.LoginPage - Successfully entered password on the Login page.
2024-09-25 18:47:32.076 [main] INFO  pages.LoginPage - Attempting to click the login button on the Login page.
2024-09-25 18:47:32.135 [main] INFO  pages.LoginPage - Successfully clicked the login button on the Login page.
2024-09-25 18:47:32.140 [main] INFO  pages.HomePage - Checking visibility of element 'products header' on the Home page.
2024-09-25 18:47:32.158 [main] INFO  pages.HomePage - Element 'products header' is displayed on the Home page: true
2024-09-25 18:47:32.159 [main] INFO  pages.BasePage - Checking visibility of common element 'hamburger button'.
2024-09-25 18:47:32.174 [main] INFO  pages.BasePage - Common element 'hamburger button' is displayed: true
2024-09-25 18:47:32.175 [main] INFO  stepDefinitions.Hooks - Scenario is ending...
2024-09-25 18:47:32.278 [main] INFO  factory.DriverFactory - WebDriver quit successfully.
2024-09-25 18:47:32.278 [main] INFO  stepDefinitions.Hooks - WebDriver quit for scenario scope and set to null.
